<?xml version="1.0" encoding="UTF-8"?>
<testsuite name="ru.sd.tests.seljava.FirstTest" tests="1" skipped="0" failures="0" errors="0" timestamp="2016-11-18T19:14:53" hostname="MSI" time="13.127">
  <properties/>
  <testcase name="myFirstTest" classname="ru.sd.tests.seljava.FirstTest" time="13.127"/>
  <system-out><![CDATA[Capabilities [{rotatable=false, raisesAccessibilityExceptions=false, marionette=true, firefoxOptions={args=[], profile=UEsDBBQACAgIANsBc0kAAAAAAAAAAAAAAAAHAAAAdXNlci5qc51WTW/bMAy971cMOW3AKqTretlOXdcBA4Z1aFDsKMgSbauRJU0fcfPvR/mjSRNHbndKbJMS+fj4yOjBUeugfLconGnxiXhWQvdf6oo0TLXMAQHNCgVi8eFtyZSH91/exJ2nYAFtrHEhudTAVKj7Z4JGG8ln/DWE1rg1qUOwxNbS19uz9Nky788U6CrU6Pjx8vK52xiwAybwR0AAHkB8l86HK4yFK0C34OJhuKbBvB4pr51pgHrupA3URU2DbJLLxXL6osAKTxAOfauvlfEwnc1oLUyrlWEC79KsSsDWpv1Tg14hWgmpaXeLQdng02W0MYKpGexhE4xRnoBzxnGjvVH7cB+n72WljUbUGmgKcKvu0edz8eC9RKtgkAsOfETcSgyUcsd8nfdVUq+JsaApPAZwmqlUzFczqExlvYt6+rIWCuHkBp8Z54DljBoz90gHysEFP4nEU6Wkt4ptQdycL1e/DDInlfbTtDG+Erf6j9RYX3++JBIvMvd3P9FjwQoTw+dCMb1eHHOuT4gypeiDRzBSnLKH/ji2RysRbrQlbS0DKOkDHvA3SneKCYkGaxnI0E0j6zC5xIUsAIphYbAB8lTzibfRkhq7xuLZtAXFUwdFl0q6OEg5VVt3rCHRYoGBaIS23N6jyat1JNrUSjfZ8IBHJ8MWmaIA/xEfnOSBGicrqak1SvJtnqoaWmw7MuSTqeazQPuTSXq5ikUju1b53b286sj4Mt2cPCab8VN3DoVJRUHLE+q160NMs+34e9yIpizRDs6YtZ4g+0xLiy0VULKowrScjLBzbwf+TEd7zIcs20Y6I/dRqYLbkl4ZO/uPc7bZo0dEbu5/XpELwnZFOk7vgW1YPyGyonpYirFH8jw6jtvBQzfEspf0NE3H5/PcQ5zFYL71SrDiSIIkOufLUxran0o1C/hIYQN6RkH3JuMtMmw2nEIZvu407UWF8sAcrwfazE3dhvTkJiI2Nls0JPmLqPiMLwYBclJMC+qRBh2Kz8X05tOL9dnYfciiEGdG8mB7QlmGFWd+t9kbnL4b67vBiQoUO6nOIpeYNR3EXuuYftJ1K9APfd1vKSeXs2Fk0U6sBMKoK5rkf4YkNeC05DXw9bder772X14/zQgTQqaI2cwgmNyZ/3dXVqaq0sthictK/14vdRlfozRitxZSJfZpWdVBnRh2e67jjf+jbHRsBNLgWtgRcZFWSQcHGO02mbR5IrFxf5xZZXZ9r0ofbb8B7JaMf1BLBwh1hce1pQMAALUMAABQSwECFAAUAAgICADbAXNJdYXHtaUDAAC1DAAABwAAAAAAAAAAAAAAAAAAAAAAdXNlci5qc1BLBQYAAAAAAQABADUAAADaAwAAAAA=}, appBuildId=20161104212021, version=50.0, platform=XP, proxy={}, command_id=1, specificationLevel=0, acceptSslCerts=false, processId=18520, browserVersion=50.0, platformVersion=10.0, XULappId={ec8030f7-c20a-464f-9b0e-13a3a9e97384}, browserName=firefox, takesScreenshot=true, takesElementScreenshot=true, platformName=windows_nt}]
]]></system-out>
  <system-err><![CDATA[ноя 19, 2016 12:14:54 AM org.openqa.selenium.remote.ProtocolHandshake createSession
INFO: Attempting bi-dialect session, assuming Postel's Law holds true on the remote end
1479496497027	addons.manager	DEBUG	Application has been upgraded
1479496497122	addons.manager	DEBUG	Loaded provider scope for resource://gre/modules/addons/XPIProvider.jsm: ["XPIProvider"]
1479496497131	addons.manager	DEBUG	Loaded provider scope for resource://gre/modules/LightweightThemeManager.jsm: ["LightweightThemeManager"]
1479496497156	addons.manager	DEBUG	Loaded provider scope for resource://gre/modules/addons/GMPProvider.jsm
1479496497166	addons.manager	DEBUG	Loaded provider scope for resource://gre/modules/addons/PluginProvider.jsm
1479496497179	addons.manager	DEBUG	Starting provider: XPIProvider
1479496497180	addons.xpi	DEBUG	startup
1479496497184	addons.xpi	INFO	SystemAddonInstallLocation directory is missing
1479496497192	addons.xpi	INFO	Mapping aushelper@mozilla.org to C:\Program Files (x86)\Mozilla Firefox\browser\features\aushelper@mozilla.org.xpi
1479496497200	addons.xpi	INFO	Mapping e10srollout@mozilla.org to C:\Program Files (x86)\Mozilla Firefox\browser\features\e10srollout@mozilla.org.xpi
1479496497204	addons.xpi	INFO	Mapping firefox@getpocket.com to C:\Program Files (x86)\Mozilla Firefox\browser\features\firefox@getpocket.com.xpi
1479496497205	addons.xpi	INFO	Mapping webcompat@mozilla.org to C:\Program Files (x86)\Mozilla Firefox\browser\features\webcompat@mozilla.org.xpi
1479496497211	addons.xpi	INFO	Mapping {972ce4c6-7e08-4474-a285-3208198ce6fd} to C:\Program Files (x86)\Mozilla Firefox\browser\extensions\{972ce4c6-7e08-4474-a285-3208198ce6fd}.xpi
1479496497214	addons.xpi	DEBUG	checkForChanges
1479496497242	addons.xpi	DEBUG	Loaded add-on state from prefs: {}
1479496497251	addons.xpi	DEBUG	New add-on aushelper@mozilla.org in app-system-defaults
1479496497255	addons.xpi	DEBUG	getModTime: Recursive scan of aushelper@mozilla.org
1479496497260	addons.xpi	DEBUG	New add-on e10srollout@mozilla.org in app-system-defaults
1479496497262	addons.xpi	DEBUG	getModTime: Recursive scan of e10srollout@mozilla.org
1479496497338	addons.xpi	DEBUG	New add-on firefox@getpocket.com in app-system-defaults
1479496497369	addons.xpi	DEBUG	getModTime: Recursive scan of firefox@getpocket.com
1479496497372	addons.xpi	DEBUG	New add-on webcompat@mozilla.org in app-system-defaults
1479496497372	addons.xpi	DEBUG	getModTime: Recursive scan of webcompat@mozilla.org
1479496497379	addons.xpi	DEBUG	New add-on {972ce4c6-7e08-4474-a285-3208198ce6fd} in app-global
1479496497382	addons.xpi	DEBUG	getModTime: Recursive scan of {972ce4c6-7e08-4474-a285-3208198ce6fd}
1479496497387	addons.xpi	DEBUG	getInstallState changed: true, state: {"app-system-defaults":{"aushelper@mozilla.org":{"d":"C:\\Program Files (x86)\\Mozilla Firefox\\browser\\features\\aushelper@mozilla.org.xpi","st":1479320616352},"e10srollout@mozilla.org":{"d":"C:\\Program Files (x86)\\Mozilla Firefox\\browser\\features\\e10srollout@mozilla.org.xpi","st":1479320615978},"firefox@getpocket.com":{"d":"C:\\Program Files (x86)\\Mozilla Firefox\\browser\\features\\firefox@getpocket.com.xpi","st":1479320615971},"webcompat@mozilla.org":{"d":"C:\\Program Files (x86)\\Mozilla Firefox\\browser\\features\\webcompat@mozilla.org.xpi","st":1479320615948}},"app-global":{"{972ce4c6-7e08-4474-a285-3208198ce6fd}":{"d":"C:\\Program Files (x86)\\Mozilla Firefox\\browser\\extensions\\{972ce4c6-7e08-4474-a285-3208198ce6fd}.xpi","st":1479320615984}}}
1479496497465	addons.xpi-utils	DEBUG	Opening XPI database C:\Users\1.MSI\AppData\Local\Temp\rust_mozprofile.LlFa4GIsumqC\extensions.json
1479496497485	addons.xpi-utils	DEBUG	New add-on aushelper@mozilla.org installed in app-system-defaults
*** Blocklist::_loadBlocklistFromFile: blocklist is disabled
1479496497586	DeferredSave.extensions.json	DEBUG	Save changes
1479496497588	addons.xpi-utils	DEBUG	New add-on e10srollout@mozilla.org installed in app-system-defaults
1479496497609	DeferredSave.extensions.json	DEBUG	Starting timer
1479496497617	DeferredSave.extensions.json	DEBUG	Save changes
1479496497644	addons.xpi-utils	DEBUG	New add-on firefox@getpocket.com installed in app-system-defaults
1479496497674	DeferredSave.extensions.json	DEBUG	Save changes
1479496497675	addons.xpi-utils	DEBUG	New add-on webcompat@mozilla.org installed in app-system-defaults
1479496497693	DeferredSave.extensions.json	DEBUG	Save changes
1479496497698	addons.xpi-utils	DEBUG	New add-on {972ce4c6-7e08-4474-a285-3208198ce6fd} installed in app-global
1479496497718	DeferredSave.extensions.json	DEBUG	Save changes
1479496497720	addons.manager	DEBUG	Registering startup change 'installed' for aushelper@mozilla.org
1479496497752	addons.xpi	DEBUG	Loading bootstrap scope from C:\Program Files (x86)\Mozilla Firefox\browser\features\aushelper@mozilla.org.xpi
1479496497773	addons.xpi	DEBUG	Calling bootstrap method install on aushelper@mozilla.org version 1.0
1479496497774	addons.xpi-utils	DEBUG	Make addon app-system-defaults:aushelper@mozilla.org visible
1479496497781	DeferredSave.extensions.json	DEBUG	Save changes
1479496497795	addons.manager	DEBUG	Registering startup change 'installed' for e10srollout@mozilla.org
1479496497802	addons.xpi	DEBUG	Loading bootstrap scope from C:\Program Files (x86)\Mozilla Firefox\browser\features\e10srollout@mozilla.org.xpi
1479496497854	addons.xpi	DEBUG	Calling bootstrap method install on e10srollout@mozilla.org version 1.5
1479496497860	addons.xpi-utils	DEBUG	Make addon app-system-defaults:e10srollout@mozilla.org visible
1479496497862	DeferredSave.extensions.json	DEBUG	Save changes
1479496497863	addons.manager	DEBUG	Registering startup change 'installed' for firefox@getpocket.com
1479496497867	addons.xpi	DEBUG	Loading bootstrap scope from C:\Program Files (x86)\Mozilla Firefox\browser\features\firefox@getpocket.com.xpi
1479496497882	addons.xpi	DEBUG	Calling bootstrap method install on firefox@getpocket.com version 1.0.5
1479496497883	addons.xpi-utils	DEBUG	Make addon app-system-defaults:firefox@getpocket.com visible
1479496497885	DeferredSave.extensions.json	DEBUG	Save changes
1479496497898	addons.manager	DEBUG	Registering startup change 'installed' for webcompat@mozilla.org
1479496497912	addons.xpi	DEBUG	Loading bootstrap scope from C:\Program Files (x86)\Mozilla Firefox\browser\features\webcompat@mozilla.org.xpi
1479496497928	addons.xpi	DEBUG	Calling bootstrap method install on webcompat@mozilla.org version 1.0
1479496497928	addons.xpi-utils	DEBUG	Make addon app-system-defaults:webcompat@mozilla.org visible
1479496497973	DeferredSave.extensions.json	DEBUG	Save changes
1479496497986	addons.xpi-utils	DEBUG	Make addon app-global:{972ce4c6-7e08-4474-a285-3208198ce6fd} visible
1479496497992	DeferredSave.extensions.json	DEBUG	Save changes
1479496497996	addons.xpi	DEBUG	Updating XPIState for {"id":"aushelper@mozilla.org","syncGUID":"{88e35da9-c2c7-4de4-9d3e-c5036f4662ce}","location":"app-system-defaults","version":"1.0","type":"extension","internalName":null,"updateURL":null,"updateKey":null,"optionsURL":null,"optionsType":null,"aboutURL":null,"icons":{},"iconURL":null,"icon64URL":null,"defaultLocale":{"name":"Application Update Service Helper","description":"Sets value(s) in the update url based on custom checks.","creator":null,"homepageURL":null},"visible":true,"active":true,"userDisabled":false,"appDisabled":false,"descriptor":"C:\\Program Files (x86)\\Mozilla Firefox\\browser\\features\\aushelper@mozilla.org.xpi","installDate":1479320616352,"updateDate":1479320616352,"applyBackgroundUpdates":1,"bootstrap":true,"skinnable":false,"size":5973,"sourceURI":null,"releaseNotesURI":null,"softDisabled":false,"foreignInstall":false,"hasBinaryComponents":false,"strictCompatibility":false,"locales":[],"targetApplications":[{"id":"{ec8030f7-c20a-464f-9b0e-13a3a9e97384}","minVersion":"50.0","maxVersion":"50.*"}],"targetPlatforms":[],"multiprocessCompatible":true,"seen":true}
1479496497999	addons.xpi	DEBUG	getModTime: Recursive scan of aushelper@mozilla.org
1479496498002	addons.xpi	DEBUG	Updating XPIState for {"id":"e10srollout@mozilla.org","syncGUID":"{f0834315-69e4-455f-b74b-6a94a2f5851b}","location":"app-system-defaults","version":"1.5","type":"extension","internalName":null,"updateURL":null,"updateKey":null,"optionsURL":null,"optionsType":null,"aboutURL":null,"icons":{},"iconURL":null,"icon64URL":null,"defaultLocale":{"name":"Multi-process staged rollout","description":"Staged rollout of Firefox multi-process feature.","creator":null,"homepageURL":null},"visible":true,"active":true,"userDisabled":false,"appDisabled":false,"descriptor":"C:\\Program Files (x86)\\Mozilla Firefox\\browser\\features\\e10srollout@mozilla.org.xpi","installDate":1479320615978,"updateDate":1479320615978,"applyBackgroundUpdates":1,"bootstrap":true,"skinnable":false,"size":7208,"sourceURI":null,"releaseNotesURI":null,"softDisabled":false,"foreignInstall":false,"hasBinaryComponents":false,"strictCompatibility":false,"locales":[],"targetApplications":[{"id":"{ec8030f7-c20a-464f-9b0e-13a3a9e97384}","minVersion":"50.0","maxVersion":"50.*"}],"targetPlatforms":[],"multiprocessCompatible":false,"seen":true}
1479496498004	addons.xpi	DEBUG	getModTime: Recursive scan of e10srollout@mozilla.org
1479496498013	addons.xpi	DEBUG	Updating XPIState for {"id":"firefox@getpocket.com","syncGUID":"{91dafd9c-8172-4270-9378-c6611d16aa28}","location":"app-system-defaults","version":"1.0.5","type":"extension","internalName":null,"updateURL":null,"updateKey":null,"optionsURL":null,"optionsType":null,"aboutURL":null,"icons":{},"iconURL":null,"icon64URL":null,"defaultLocale":{"name":"Pocket","description":"When you find something you want to view later, put it in Pocket.","creator":null,"homepageURL":null},"visible":true,"active":true,"userDisabled":false,"appDisabled":false,"descriptor":"C:\\Program Files (x86)\\Mozilla Firefox\\browser\\features\\firefox@getpocket.com.xpi","installDate":1479320615971,"updateDate":1479320615971,"applyBackgroundUpdates":1,"bootstrap":true,"skinnable":false,"size":917857,"sourceURI":null,"releaseNotesURI":null,"softDisabled":false,"foreignInstall":false,"hasBinaryComponents":false,"strictCompatibility":false,"locales":[],"targetApplications":[{"id":"{ec8030f7-c20a-464f-9b0e-13a3a9e97384}","minVersion":"50.0","maxVersion":"50.*"}],"targetPlatforms":[],"multiprocessCompatible":false,"seen":true}
1479496498013	addons.xpi	DEBUG	getModTime: Recursive scan of firefox@getpocket.com
1479496498016	addons.xpi	DEBUG	Updating XPIState for {"id":"webcompat@mozilla.org","syncGUID":"{fa26efa5-ada9-4060-a512-df8b6f5531cd}","location":"app-system-defaults","version":"1.0","type":"extension","internalName":null,"updateURL":null,"updateKey":null,"optionsURL":null,"optionsType":null,"aboutURL":null,"icons":{},"iconURL":null,"icon64URL":null,"defaultLocale":{"name":"Web Compat","description":"Urgent post-release fixes for web compatibility.","creator":null,"homepageURL":null},"visible":true,"active":true,"userDisabled":false,"appDisabled":false,"descriptor":"C:\\Program Files (x86)\\Mozilla Firefox\\browser\\features\\webcompat@mozilla.org.xpi","installDate":1479320615948,"updateDate":1479320615948,"applyBackgroundUpdates":1,"bootstrap":true,"skinnable":false,"size":1500,"sourceURI":null,"releaseNotesURI":null,"softDisabled":false,"foreignInstall":false,"hasBinaryComponents":false,"strictCompatibility":false,"locales":[],"targetApplications":[{"id":"{ec8030f7-c20a-464f-9b0e-13a3a9e97384}","minVersion":"50.0","maxVersion":"50.*"}],"targetPlatforms":[],"multiprocessCompatible":false,"seen":true}
1479496498017	addons.xpi	DEBUG	getModTime: Recursive scan of webcompat@mozilla.org
1479496498019	addons.xpi	DEBUG	Updating XPIState for {"id":"{972ce4c6-7e08-4474-a285-3208198ce6fd}","syncGUID":"{612602e3-f516-4fa0-9e26-ea5de54c0143}","location":"app-global","version":"50.0","type":"theme","internalName":"classic/1.0","updateURL":null,"updateKey":null,"optionsURL":null,"optionsType":null,"aboutURL":null,"icons":{"32":"icon.png","48":"icon.png"},"iconURL":null,"icon64URL":null,"defaultLocale":{"name":"Default","description":"The default theme.","creator":"Mozilla","homepageURL":null,"contributors":["Mozilla Contributors"]},"visible":true,"active":true,"userDisabled":false,"appDisabled":false,"descriptor":"C:\\Program Files (x86)\\Mozilla Firefox\\browser\\extensions\\{972ce4c6-7e08-4474-a285-3208198ce6fd}.xpi","installDate":1479320615984,"updateDate":1479320615984,"applyBackgroundUpdates":1,"skinnable":true,"size":21146,"sourceURI":null,"releaseNotesURI":null,"softDisabled":false,"foreignInstall":false,"hasBinaryComponents":false,"strictCompatibility":true,"locales":[],"targetApplications":[{"id":"{ec8030f7-c20a-464f-9b0e-13a3a9e97384}","minVersion":"50.0","maxVersion":"50.0"}],"targetPlatforms":[],"seen":true}
1479496498020	addons.xpi	DEBUG	getModTime: Recursive scan of {972ce4c6-7e08-4474-a285-3208198ce6fd}
1479496498035	DeferredSave.extensions.json	DEBUG	Save changes
1479496498037	addons.xpi	DEBUG	Updating database with changes to installed add-ons
1479496498037	addons.xpi-utils	DEBUG	Updating add-on states
1479496498065	addons.xpi-utils	DEBUG	Writing add-ons list
1479496498149	addons.xpi	DEBUG	Registering manifest for C:\Program Files (x86)\Mozilla Firefox\browser\features\aushelper@mozilla.org.xpi
1479496498152	addons.xpi	DEBUG	Calling bootstrap method startup on aushelper@mozilla.org version 1.0
1479496498161	addons.xpi	DEBUG	Registering manifest for C:\Program Files (x86)\Mozilla Firefox\browser\features\e10srollout@mozilla.org.xpi
1479496498163	addons.xpi	DEBUG	Calling bootstrap method startup on e10srollout@mozilla.org version 1.5
1479496498165	addons.xpi	DEBUG	Registering manifest for C:\Program Files (x86)\Mozilla Firefox\browser\features\firefox@getpocket.com.xpi
1479496498169	addons.xpi	DEBUG	Calling bootstrap method startup on firefox@getpocket.com version 1.0.5
1479496498179	addons.xpi	DEBUG	Registering manifest for C:\Program Files (x86)\Mozilla Firefox\browser\features\webcompat@mozilla.org.xpi
1479496498181	addons.xpi	DEBUG	Calling bootstrap method startup on webcompat@mozilla.org version 1.0
1479496498189	addons.manager	DEBUG	Registering shutdown blocker for XPIProvider
1479496498190	addons.manager	DEBUG	Provider finished startup: XPIProvider
1479496498402	addons.manager	DEBUG	Starting provider: LightweightThemeManager
1479496498411	addons.manager	DEBUG	Registering shutdown blocker for LightweightThemeManager
1479496498417	addons.manager	DEBUG	Provider finished startup: LightweightThemeManager
1479496498423	addons.manager	DEBUG	Starting provider: GMPProvider
1479496498452	addons.manager	DEBUG	Registering shutdown blocker for GMPProvider
1479496498452	addons.manager	DEBUG	Provider finished startup: GMPProvider
1479496498453	addons.manager	DEBUG	Starting provider: PluginProvider
1479496498453	addons.manager	DEBUG	Registering shutdown blocker for PluginProvider
1479496498454	addons.manager	DEBUG	Provider finished startup: PluginProvider
1479496498456	addons.manager	DEBUG	Completed startup sequence
1479496499055	Marionette	INFO	Listening on port 52258
1479496499651	addons.manager	DEBUG	Starting provider: <unnamed-provider>
1479496499652	addons.manager	DEBUG	Registering shutdown blocker for <unnamed-provider>
1479496499653	addons.manager	DEBUG	Provider finished startup: <unnamed-provider>
1479496499757	addons.manager	DEBUG	Starting provider: PreviousExperimentProvider
1479496499758	addons.manager	DEBUG	Registering shutdown blocker for PreviousExperimentProvider
1479496499769	addons.manager	DEBUG	Provider finished startup: PreviousExperimentProvider
1479496499811	DeferredSave.extensions.json	DEBUG	Starting write
1479496500824	DeferredSave.extensions.json	DEBUG	Write succeeded
1479496500826	addons.xpi-utils	DEBUG	XPI Database saved, setting schema version preference to 17
ноя 19, 2016 12:15:03 AM org.openqa.selenium.remote.ProtocolHandshake createSession
INFO: Detected dialect: W3C
]]></system-err>
</testsuite>
