<?xml version="1.0" encoding="UTF-8"?>
<testsuite name="ru.sd.tests.seljava.FirstTest" tests="1" skipped="0" failures="0" errors="0" timestamp="2016-11-28T18:19:41" hostname="MSI" time="21.866">
  <properties/>
  <testcase name="Test9" classname="ru.sd.tests.seljava.FirstTest" time="21.866"/>
  <system-out><![CDATA[Capabilities [{rotatable=false, raisesAccessibilityExceptions=false, marionette=true, firefoxOptions={args=[], profile=UEsDBBQACAgIAHW6fEkAAAAAAAAAAAAAAAAHAAAAdXNlci5qc51WTW/bMAy971cMOW3AKqTretlOXdcBA4Z1aFDsKMgSbauRJU0fcfPvR/mjSRNHbndKbJMS+fj4yOjBUeugfLconGnxiXhWQvdf6oo0TLXMAQHNCgVi8eFtyZSH91/exJ2nYAFtrHEhudTAVKj7Z4JGG8ln/DWE1rg1qUOwxNbS19uz9Nky788U6CrU6Pjx8vK52xiwAybwR0AAHkB8l86HK4yFK0C34OJhuKbBvB4pr51pgHrupA3URU2DbJLLxXL6osAKTxAOfauvlfEwnc1oLUyrlWEC79KsSsDWpv1Tg14hWgmpaXeLQdng02W0MYKpGexhE4xRnoBzxnGjvVH7cB+n72WljUbUGmgKcKvu0edz8eC9RKtgkAsOfETcSgyUcsd8nfdVUq+JsaApPAZwmqlUzFczqExlvYt6+rIWCuHkBp8Z54DljBoz90gHysEFP4nEU6Wkt4ptQdycL1e/DDInlfbTtDG+Erf6j9RYX3++JBIvMvd3P9FjwQoTw+dCMb1eHHOuT4gypeiDRzBSnLKH/ji2RysRbrQlbS0DKOkDHvA3SneKCYkGaxnI0E0j6zC5xIUsAIphYbAB8lTzibfRkhq7xuLZtAXFUwdFl0q6OEg5VVt3rCHRYoGBaIS23N6jyat1JNrUSjfZ8IBHJ8MWmaIA/xEfnOSBGicrqak1SvJtnqoaWmw7MuSTqeazQPuTSXq5ikUju1b53b286sj4Mt2cPCab8VN3DoVJRUHLE+q160NMs+34e9yIpizRDs6YtZ4g+0xLiy0VULKowrScjLBzbwf+TEd7zIcs20Y6I/dRqYLbkl4ZO/uPc7bZo0dEbu5/XpELwnZFOk7vgW1YPyGyonpYirFH8jw6jtvBQzfEspf0NE3H5/PcQ5zFYL71SrDiSIIkOufLUxran0o1C/hIYQN6RkH3JuMtMmw2nEIZvu407UWF8sAcrwfazE3dhvTkJiI2Nls0JPmLqPiMLwYBclJMC+qRBh2Kz8X05tOL9dnYfciiEGdG8mB7QlmGFWd+t9kbnL4b67vBiQoUO6nOIpeYNR3EXuuYftJ1K9APfd1vKSeXs2Fk0U6sBMKoK5rkf4YkNeC05DXw9bder772X14/zQgTQqaI2cwgmNyZ/3dXVqaq0sthictK/14vdRlfozRitxZSJfZpWdVBnRh2e67jjf+jbHRsBNLgWtgRcZFWSQcHGO02mbR5IrFxf5xZZXZ9r0ofbb8B7JaMf1BLBwh1hce1pQMAALUMAABQSwECFAAUAAgICAB1unxJdYXHtaUDAAC1DAAABwAAAAAAAAAAAAAAAAAAAAAAdXNlci5qc1BLBQYAAAAAAQABADUAAADaAwAAAAA=}, appBuildId=20161104212021, version=50.0, platform=XP, proxy={}, command_id=1, specificationLevel=0, acceptSslCerts=false, processId=20540, browserVersion=50.0, platformVersion=10.0, XULappId={ec8030f7-c20a-464f-9b0e-13a3a9e97384}, browserName=firefox, takesScreenshot=true, takesElementScreenshot=true, platformName=windows_nt}]
Countries: 238
Afghanistan
Albania
Algeria
American Samoa
Andorra
Angola
Anguilla
Antarctica
Antigua and Barbuda
Argentina
Armenia
Aruba
Australia
Austria
Azerbaijan
Bahamas
Bahrain
Bangladesh
Barbados
Belarus
Belgium
Belize
Benin
Bermuda
Bhutan
Bolivia
Bosnia and Herzegowina
Botswana
Bouvet Island
Brazil
British Indian Ocean Territory
Brunei Darussalam
Bulgaria
Burkina Faso
Burundi
Cambodia
Cameroon
Canada
Cape Verde
Cayman Islands
Central African Republic
Chad
Chile
China
Christmas Island
Cocos (Keeling) Islands
Colombia
Comoros
Congo
Cook Islands
Costa Rica
Cote D'Ivoire
Croatia
Cuba
Cyprus
Czech Republic
Democratic Republic of Congo
Denmark
Djibouti
Dominica
Dominican Republic
East Timor
Ecuador
Egypt
El Salvador
Equatorial Guinea
Eritrea
Estonia
Ethiopia
Falkland Islands (Malvinas)
Faroe Islands
Fiji
Finland
France
French Guiana
French Polynesia
French Southern Territories
Gabon
Gambia
Georgia
Germany
Ghana
Gibraltar
Greece
Greenland
Grenada
Guadeloupe
Guam
Guatemala
Guinea
Guinea-bissau
Guyana
Haiti
Heard and McDonald Islands
Honduras
Hong Kong
Hungary
Iceland
India
Indonesia
Iran, Islamic Republic of
Iraq
Ireland
Israel
Italy
Jamaica
Japan
Jordan
Kazakhstan
Kenya
Kiribati
Korea, Republic of
Kuwait
Kyrgyzstan
Lao People's Democratic Republic
Latvia
Lebanon
Lesotho
Liberia
Libyan Arab Jamahiriya
Liechtenstein
Lithuania
Luxembourg
Macau
Macedonia
Madagascar
Malawi
Malaysia
Maldives
Mali
Malta
Marshall Islands
Martinique
Mauritania
Mauritius
Mayotte
Mexico
Micronesia, Federated States of
Moldova, Republic of
Monaco
Mongolia
Montserrat
Morocco
Mozambique
Myanmar
Namibia
Nauru
Nepal
Netherlands
Netherlands Antilles
New Caledonia
New Zealand
Nicaragua
Niger
Nigeria
Niue
Norfolk Island
North Korea
Northern Mariana Islands
Norway
Oman
Pakistan
Palau
Panama
Papua New Guinea
Paraguay
Peru
Philippines
Pitcairn
Poland
Portugal
Puerto Rico
Qatar
Reunion
Romania
Russian Federation
Rwanda
Saint Kitts and Nevis
Saint Lucia
Saint Vincent and the Grenadines
Samoa
San Marino
Sao Tome and Principe
Saudi Arabia
Senegal
Serbia
Seychelles
Sierra Leone
Singapore
Slovak Republic
Slovenia
Solomon Islands
Somalia
South Africa
South Georgia and South Sandwich Islands
Spain
Sri Lanka
St. Helena
St. Pierre and Miquelon
Sudan
Suriname
Svalbard and Jan Mayen Islands
Swaziland
Sweden
Switzerland
Syrian Arab Republic
Taiwan
Tajikistan
Tanzania, United Republic of
Thailand
Togo
Tokelau
Tonga
Trinidad and Tobago
Tunisia
Turkey
Turkmenistan
Turks and Caicos Islands
Tuvalu
Uganda
Ukraine
United Arab Emirates
United Kingdom
United States
United States Minor Outlying Islands
Uruguay
Uzbekistan
Vanuatu
Vatican City State (Holy See)
Venezuela
Viet Nam
Virgin Islands (British)
Virgin Islands (U.S.)
Wallis and Futuna Islands
Western Sahara
Yemen
Zambia
Zimbabwe
]]></system-out>
  <system-err><![CDATA[ноя 28, 2016 11:19:43 PM org.openqa.selenium.remote.ProtocolHandshake createSession
INFO: Attempting bi-dialect session, assuming Postel's Law holds true on the remote end
1480357184321	addons.manager	DEBUG	Application has been upgraded
1480357184472	addons.manager	DEBUG	Loaded provider scope for resource://gre/modules/addons/XPIProvider.jsm: ["XPIProvider"]
1480357184481	addons.manager	DEBUG	Loaded provider scope for resource://gre/modules/LightweightThemeManager.jsm: ["LightweightThemeManager"]
1480357184500	addons.manager	DEBUG	Loaded provider scope for resource://gre/modules/addons/GMPProvider.jsm
1480357184508	addons.manager	DEBUG	Loaded provider scope for resource://gre/modules/addons/PluginProvider.jsm
1480357184510	addons.manager	DEBUG	Starting provider: XPIProvider
1480357184511	addons.xpi	DEBUG	startup
1480357184514	addons.xpi	INFO	SystemAddonInstallLocation directory is missing
1480357184518	addons.xpi	INFO	Mapping aushelper@mozilla.org to C:\Program Files (x86)\Mozilla Firefox\browser\features\aushelper@mozilla.org.xpi
1480357184519	addons.xpi	INFO	Mapping e10srollout@mozilla.org to C:\Program Files (x86)\Mozilla Firefox\browser\features\e10srollout@mozilla.org.xpi
1480357184520	addons.xpi	INFO	Mapping firefox@getpocket.com to C:\Program Files (x86)\Mozilla Firefox\browser\features\firefox@getpocket.com.xpi
1480357184521	addons.xpi	INFO	Mapping webcompat@mozilla.org to C:\Program Files (x86)\Mozilla Firefox\browser\features\webcompat@mozilla.org.xpi
1480357184523	addons.xpi	INFO	Mapping {972ce4c6-7e08-4474-a285-3208198ce6fd} to C:\Program Files (x86)\Mozilla Firefox\browser\extensions\{972ce4c6-7e08-4474-a285-3208198ce6fd}.xpi
1480357184525	addons.xpi	DEBUG	checkForChanges
1480357184527	addons.xpi	DEBUG	Loaded add-on state from prefs: {}
1480357184529	addons.xpi	DEBUG	New add-on aushelper@mozilla.org in app-system-defaults
1480357184531	addons.xpi	DEBUG	getModTime: Recursive scan of aushelper@mozilla.org
1480357184533	addons.xpi	DEBUG	New add-on e10srollout@mozilla.org in app-system-defaults
1480357184533	addons.xpi	DEBUG	getModTime: Recursive scan of e10srollout@mozilla.org
1480357184536	addons.xpi	DEBUG	New add-on firefox@getpocket.com in app-system-defaults
1480357184537	addons.xpi	DEBUG	getModTime: Recursive scan of firefox@getpocket.com
1480357184539	addons.xpi	DEBUG	New add-on webcompat@mozilla.org in app-system-defaults
1480357184539	addons.xpi	DEBUG	getModTime: Recursive scan of webcompat@mozilla.org
1480357184541	addons.xpi	DEBUG	New add-on {972ce4c6-7e08-4474-a285-3208198ce6fd} in app-global
1480357184543	addons.xpi	DEBUG	getModTime: Recursive scan of {972ce4c6-7e08-4474-a285-3208198ce6fd}
1480357184546	addons.xpi	DEBUG	getInstallState changed: true, state: {"app-system-defaults":{"aushelper@mozilla.org":{"d":"C:\\Program Files (x86)\\Mozilla Firefox\\browser\\features\\aushelper@mozilla.org.xpi","st":1479320616352},"e10srollout@mozilla.org":{"d":"C:\\Program Files (x86)\\Mozilla Firefox\\browser\\features\\e10srollout@mozilla.org.xpi","st":1479320615978},"firefox@getpocket.com":{"d":"C:\\Program Files (x86)\\Mozilla Firefox\\browser\\features\\firefox@getpocket.com.xpi","st":1479320615971},"webcompat@mozilla.org":{"d":"C:\\Program Files (x86)\\Mozilla Firefox\\browser\\features\\webcompat@mozilla.org.xpi","st":1479320615948}},"app-global":{"{972ce4c6-7e08-4474-a285-3208198ce6fd}":{"d":"C:\\Program Files (x86)\\Mozilla Firefox\\browser\\extensions\\{972ce4c6-7e08-4474-a285-3208198ce6fd}.xpi","st":1479320615984}}}
1480357184571	addons.xpi-utils	DEBUG	Opening XPI database C:\Users\1.MSI\AppData\Local\Temp\rust_mozprofile.8aEduCioArU9\extensions.json
1480357184576	addons.xpi-utils	DEBUG	New add-on aushelper@mozilla.org installed in app-system-defaults
*** Blocklist::_loadBlocklistFromFile: blocklist is disabled
1480357184599	DeferredSave.extensions.json	DEBUG	Save changes
1480357184601	addons.xpi-utils	DEBUG	New add-on e10srollout@mozilla.org installed in app-system-defaults
1480357184611	DeferredSave.extensions.json	DEBUG	Starting timer
1480357184615	DeferredSave.extensions.json	DEBUG	Save changes
1480357184616	addons.xpi-utils	DEBUG	New add-on firefox@getpocket.com installed in app-system-defaults
1480357184634	DeferredSave.extensions.json	DEBUG	Save changes
1480357184634	addons.xpi-utils	DEBUG	New add-on webcompat@mozilla.org installed in app-system-defaults
1480357184648	DeferredSave.extensions.json	DEBUG	Save changes
1480357184651	addons.xpi-utils	DEBUG	New add-on {972ce4c6-7e08-4474-a285-3208198ce6fd} installed in app-global
1480357184661	DeferredSave.extensions.json	DEBUG	Save changes
1480357184663	addons.manager	DEBUG	Registering startup change 'installed' for aushelper@mozilla.org
1480357184679	addons.xpi	DEBUG	Loading bootstrap scope from C:\Program Files (x86)\Mozilla Firefox\browser\features\aushelper@mozilla.org.xpi
1480357184692	addons.xpi	DEBUG	Calling bootstrap method install on aushelper@mozilla.org version 1.0
1480357184692	addons.xpi-utils	DEBUG	Make addon app-system-defaults:aushelper@mozilla.org visible
1480357184693	DeferredSave.extensions.json	DEBUG	Save changes
1480357184698	addons.manager	DEBUG	Registering startup change 'installed' for e10srollout@mozilla.org
1480357184701	addons.xpi	DEBUG	Loading bootstrap scope from C:\Program Files (x86)\Mozilla Firefox\browser\features\e10srollout@mozilla.org.xpi
1480357184735	addons.xpi	DEBUG	Calling bootstrap method install on e10srollout@mozilla.org version 1.5
1480357184738	addons.xpi-utils	DEBUG	Make addon app-system-defaults:e10srollout@mozilla.org visible
1480357184740	DeferredSave.extensions.json	DEBUG	Save changes
1480357184740	addons.manager	DEBUG	Registering startup change 'installed' for firefox@getpocket.com
1480357184742	addons.xpi	DEBUG	Loading bootstrap scope from C:\Program Files (x86)\Mozilla Firefox\browser\features\firefox@getpocket.com.xpi
1480357184755	addons.xpi	DEBUG	Calling bootstrap method install on firefox@getpocket.com version 1.0.5
1480357184755	addons.xpi-utils	DEBUG	Make addon app-system-defaults:firefox@getpocket.com visible
1480357184757	DeferredSave.extensions.json	DEBUG	Save changes
1480357184758	addons.manager	DEBUG	Registering startup change 'installed' for webcompat@mozilla.org
1480357184760	addons.xpi	DEBUG	Loading bootstrap scope from C:\Program Files (x86)\Mozilla Firefox\browser\features\webcompat@mozilla.org.xpi
1480357184766	addons.xpi	DEBUG	Calling bootstrap method install on webcompat@mozilla.org version 1.0
1480357184766	addons.xpi-utils	DEBUG	Make addon app-system-defaults:webcompat@mozilla.org visible
1480357184767	DeferredSave.extensions.json	DEBUG	Save changes
1480357184768	addons.xpi-utils	DEBUG	Make addon app-global:{972ce4c6-7e08-4474-a285-3208198ce6fd} visible
1480357184770	DeferredSave.extensions.json	DEBUG	Save changes
1480357184771	addons.xpi	DEBUG	Updating XPIState for {"id":"aushelper@mozilla.org","syncGUID":"{9de8fc07-13a6-4be7-abc6-a7c7159baf56}","location":"app-system-defaults","version":"1.0","type":"extension","internalName":null,"updateURL":null,"updateKey":null,"optionsURL":null,"optionsType":null,"aboutURL":null,"icons":{},"iconURL":null,"icon64URL":null,"defaultLocale":{"name":"Application Update Service Helper","description":"Sets value(s) in the update url based on custom checks.","creator":null,"homepageURL":null},"visible":true,"active":true,"userDisabled":false,"appDisabled":false,"descriptor":"C:\\Program Files (x86)\\Mozilla Firefox\\browser\\features\\aushelper@mozilla.org.xpi","installDate":1479320616352,"updateDate":1479320616352,"applyBackgroundUpdates":1,"bootstrap":true,"skinnable":false,"size":5973,"sourceURI":null,"releaseNotesURI":null,"softDisabled":false,"foreignInstall":false,"hasBinaryComponents":false,"strictCompatibility":false,"locales":[],"targetApplications":[{"id":"{ec8030f7-c20a-464f-9b0e-13a3a9e97384}","minVersion":"50.0","maxVersion":"50.*"}],"targetPlatforms":[],"multiprocessCompatible":true,"seen":true}
1480357184772	addons.xpi	DEBUG	getModTime: Recursive scan of aushelper@mozilla.org
1480357184773	addons.xpi	DEBUG	Updating XPIState for {"id":"e10srollout@mozilla.org","syncGUID":"{6cc331ca-5f20-47ca-8602-67e86cf7d2ec}","location":"app-system-defaults","version":"1.5","type":"extension","internalName":null,"updateURL":null,"updateKey":null,"optionsURL":null,"optionsType":null,"aboutURL":null,"icons":{},"iconURL":null,"icon64URL":null,"defaultLocale":{"name":"Multi-process staged rollout","description":"Staged rollout of Firefox multi-process feature.","creator":null,"homepageURL":null},"visible":true,"active":true,"userDisabled":false,"appDisabled":false,"descriptor":"C:\\Program Files (x86)\\Mozilla Firefox\\browser\\features\\e10srollout@mozilla.org.xpi","installDate":1479320615978,"updateDate":1479320615978,"applyBackgroundUpdates":1,"bootstrap":true,"skinnable":false,"size":7208,"sourceURI":null,"releaseNotesURI":null,"softDisabled":false,"foreignInstall":false,"hasBinaryComponents":false,"strictCompatibility":false,"locales":[],"targetApplications":[{"id":"{ec8030f7-c20a-464f-9b0e-13a3a9e97384}","minVersion":"50.0","maxVersion":"50.*"}],"targetPlatforms":[],"multiprocessCompatible":false,"seen":true}
1480357184774	addons.xpi	DEBUG	getModTime: Recursive scan of e10srollout@mozilla.org
1480357184776	addons.xpi	DEBUG	Updating XPIState for {"id":"firefox@getpocket.com","syncGUID":"{d63b659f-9dd4-49ff-b4b6-fb836cd2d66b}","location":"app-system-defaults","version":"1.0.5","type":"extension","internalName":null,"updateURL":null,"updateKey":null,"optionsURL":null,"optionsType":null,"aboutURL":null,"icons":{},"iconURL":null,"icon64URL":null,"defaultLocale":{"name":"Pocket","description":"When you find something you want to view later, put it in Pocket.","creator":null,"homepageURL":null},"visible":true,"active":true,"userDisabled":false,"appDisabled":false,"descriptor":"C:\\Program Files (x86)\\Mozilla Firefox\\browser\\features\\firefox@getpocket.com.xpi","installDate":1479320615971,"updateDate":1479320615971,"applyBackgroundUpdates":1,"bootstrap":true,"skinnable":false,"size":917857,"sourceURI":null,"releaseNotesURI":null,"softDisabled":false,"foreignInstall":false,"hasBinaryComponents":false,"strictCompatibility":false,"locales":[],"targetApplications":[{"id":"{ec8030f7-c20a-464f-9b0e-13a3a9e97384}","minVersion":"50.0","maxVersion":"50.*"}],"targetPlatforms":[],"multiprocessCompatible":false,"seen":true}
1480357184776	addons.xpi	DEBUG	getModTime: Recursive scan of firefox@getpocket.com
1480357184778	addons.xpi	DEBUG	Updating XPIState for {"id":"webcompat@mozilla.org","syncGUID":"{e8a00a83-b337-4737-8e35-8a48f187b0db}","location":"app-system-defaults","version":"1.0","type":"extension","internalName":null,"updateURL":null,"updateKey":null,"optionsURL":null,"optionsType":null,"aboutURL":null,"icons":{},"iconURL":null,"icon64URL":null,"defaultLocale":{"name":"Web Compat","description":"Urgent post-release fixes for web compatibility.","creator":null,"homepageURL":null},"visible":true,"active":true,"userDisabled":false,"appDisabled":false,"descriptor":"C:\\Program Files (x86)\\Mozilla Firefox\\browser\\features\\webcompat@mozilla.org.xpi","installDate":1479320615948,"updateDate":1479320615948,"applyBackgroundUpdates":1,"bootstrap":true,"skinnable":false,"size":1500,"sourceURI":null,"releaseNotesURI":null,"softDisabled":false,"foreignInstall":false,"hasBinaryComponents":false,"strictCompatibility":false,"locales":[],"targetApplications":[{"id":"{ec8030f7-c20a-464f-9b0e-13a3a9e97384}","minVersion":"50.0","maxVersion":"50.*"}],"targetPlatforms":[],"multiprocessCompatible":false,"seen":true}
1480357184778	addons.xpi	DEBUG	getModTime: Recursive scan of webcompat@mozilla.org
1480357184780	addons.xpi	DEBUG	Updating XPIState for {"id":"{972ce4c6-7e08-4474-a285-3208198ce6fd}","syncGUID":"{0f6732c1-e51f-4792-9fff-8d0d48477f3a}","location":"app-global","version":"50.0","type":"theme","internalName":"classic/1.0","updateURL":null,"updateKey":null,"optionsURL":null,"optionsType":null,"aboutURL":null,"icons":{"32":"icon.png","48":"icon.png"},"iconURL":null,"icon64URL":null,"defaultLocale":{"name":"Default","description":"The default theme.","creator":"Mozilla","homepageURL":null,"contributors":["Mozilla Contributors"]},"visible":true,"active":true,"userDisabled":false,"appDisabled":false,"descriptor":"C:\\Program Files (x86)\\Mozilla Firefox\\browser\\extensions\\{972ce4c6-7e08-4474-a285-3208198ce6fd}.xpi","installDate":1479320615984,"updateDate":1479320615984,"applyBackgroundUpdates":1,"skinnable":true,"size":21146,"sourceURI":null,"releaseNotesURI":null,"softDisabled":false,"foreignInstall":false,"hasBinaryComponents":false,"strictCompatibility":true,"locales":[],"targetApplications":[{"id":"{ec8030f7-c20a-464f-9b0e-13a3a9e97384}","minVersion":"50.0","maxVersion":"50.0"}],"targetPlatforms":[],"seen":true}
1480357184780	addons.xpi	DEBUG	getModTime: Recursive scan of {972ce4c6-7e08-4474-a285-3208198ce6fd}
1480357184783	DeferredSave.extensions.json	DEBUG	Save changes
1480357184784	addons.xpi	DEBUG	Updating database with changes to installed add-ons
1480357184784	addons.xpi-utils	DEBUG	Updating add-on states
1480357184788	addons.xpi-utils	DEBUG	Writing add-ons list
1480357184794	addons.xpi	DEBUG	Registering manifest for C:\Program Files (x86)\Mozilla Firefox\browser\features\aushelper@mozilla.org.xpi
1480357184796	addons.xpi	DEBUG	Calling bootstrap method startup on aushelper@mozilla.org version 1.0
1480357184799	addons.xpi	DEBUG	Registering manifest for C:\Program Files (x86)\Mozilla Firefox\browser\features\e10srollout@mozilla.org.xpi
1480357184800	addons.xpi	DEBUG	Calling bootstrap method startup on e10srollout@mozilla.org version 1.5
1480357184802	addons.xpi	DEBUG	Registering manifest for C:\Program Files (x86)\Mozilla Firefox\browser\features\firefox@getpocket.com.xpi
1480357184804	addons.xpi	DEBUG	Calling bootstrap method startup on firefox@getpocket.com version 1.0.5
1480357184808	addons.xpi	DEBUG	Registering manifest for C:\Program Files (x86)\Mozilla Firefox\browser\features\webcompat@mozilla.org.xpi
1480357184810	addons.xpi	DEBUG	Calling bootstrap method startup on webcompat@mozilla.org version 1.0
1480357184815	addons.manager	DEBUG	Registering shutdown blocker for XPIProvider
1480357184815	addons.manager	DEBUG	Provider finished startup: XPIProvider
1480357184816	addons.manager	DEBUG	Starting provider: LightweightThemeManager
1480357184816	addons.manager	DEBUG	Registering shutdown blocker for LightweightThemeManager
1480357184817	addons.manager	DEBUG	Provider finished startup: LightweightThemeManager
1480357184819	addons.manager	DEBUG	Starting provider: GMPProvider
1480357184839	addons.manager	DEBUG	Registering shutdown blocker for GMPProvider
1480357184839	addons.manager	DEBUG	Provider finished startup: GMPProvider
1480357184840	addons.manager	DEBUG	Starting provider: PluginProvider
1480357184841	addons.manager	DEBUG	Registering shutdown blocker for PluginProvider
1480357184841	addons.manager	DEBUG	Provider finished startup: PluginProvider
1480357184843	addons.manager	DEBUG	Completed startup sequence
1480357185583	Marionette	INFO	Listening on port 53991
1480357186143	addons.manager	DEBUG	Starting provider: <unnamed-provider>
1480357186143	addons.manager	DEBUG	Registering shutdown blocker for <unnamed-provider>
1480357186146	addons.manager	DEBUG	Provider finished startup: <unnamed-provider>
1480357186252	addons.manager	DEBUG	Starting provider: PreviousExperimentProvider
1480357186254	addons.manager	DEBUG	Registering shutdown blocker for PreviousExperimentProvider
1480357186257	addons.manager	DEBUG	Provider finished startup: PreviousExperimentProvider
1480357186270	DeferredSave.extensions.json	DEBUG	Starting write
1480357187292	DeferredSave.extensions.json	DEBUG	Write succeeded
1480357187293	addons.xpi-utils	DEBUG	XPI Database saved, setting schema version preference to 17
ноя 28, 2016 11:19:49 PM org.openqa.selenium.remote.ProtocolHandshake createSession
INFO: Detected dialect: W3C
]]></system-err>
</testsuite>
