<?xml version="1.0" encoding="UTF-8"?>
<!-- Generated by org.testng.reporters.JUnitReportReporter -->
<testsuite hostname="MSI" name="hb.tests.Login" tests="1" failures="0" timestamp="6 Feb 2016 19:21:51 GMT" time="3.193" errors="0">
  <testcase name="testUntitled" time="3.193" classname="hb.tests.Login"/>
</testsuite> <!-- hb.tests.Login -->
