<?xml version="1.0" encoding="UTF-8"?>
<!-- Generated by org.testng.reporters.JUnitReportReporter -->
<testsuite hostname="MSI" name="hb.tests.FilmAdd" tests="2" failures="0" timestamp="18 Feb 2016 18:05:24 GMT" time="6.408" errors="0">
  <testcase name="testFilmAddPositive" time="3.798" classname="hb.tests.FilmAdd"/>
  <testcase name="testFilmAddNegative" time="2.610" classname="hb.tests.FilmAdd"/>
</testsuite> <!-- hb.tests.FilmAdd -->
