<?xml version="1.0" encoding="UTF-8"?>
<!-- Generated by org.testng.reporters.JUnitReportReporter -->
<testsuite hostname="MSI" name="hb.tests.Film" tests="3" failures="0" timestamp="19 Feb 2016 16:18:26 GMT" time="9.340" errors="0">
  <testcase name="testFilmAddNegative" time="2.579" classname="hb.tests.Film"/>
  <testcase name="testFilmxDelete" time="2.707" classname="hb.tests.Film"/>
  <testcase name="testFilmAddPositive" time="4.054" classname="hb.tests.Film"/>
</testsuite> <!-- hb.tests.Film -->
