<?xml version="1.0" encoding="UTF-8"?>
<!-- Generated by org.testng.reporters.JUnitReportReporter -->
<testsuite hostname="MSI" name="hb.tests.Login" tests="1" failures="0" timestamp="19 Feb 2016 16:18:26 GMT" time="5.837" errors="0">
  <testcase name="testLoginAsAdmin" time="5.837" classname="hb.tests.Login"/>
</testsuite> <!-- hb.tests.Login -->
