<?xml version="1.0" encoding="UTF-8"?>
<!-- Generated by org.testng.reporters.JUnitReportReporter -->
<testsuite hostname="MSI" name="hb.tests.HomePageTest" tests="2" failures="0" timestamp="6 Feb 2016 15:08:13 GMT" time="2.561" errors="0">
  <testcase name="test2" time="0.008" classname="hb.tests.HomePageTest"/>
  <testcase name="testH1Existing" time="2.553" classname="hb.tests.HomePageTest"/>
</testsuite> <!-- hb.tests.HomePageTest -->
