<?xml version="1.0" encoding="UTF-8"?>
<!-- Generated by org.testng.reporters.JUnitReportReporter -->
<testsuite hostname="MSI" name="hb.tests.Film" tests="3" failures="0" timestamp="19 Feb 2016 15:59:06 GMT" time="8.323" errors="0">
  <testcase name="testFilmAddNegative" time="2.507" classname="hb.tests.Film"/>
  <testcase name="testFilmxDelete" time="1.885" classname="hb.tests.Film"/>
  <testcase name="testFilmAddPositive" time="3.931" classname="hb.tests.Film"/>
</testsuite> <!-- hb.tests.Film -->
