<?xml version="1.0" encoding="UTF-8"?>
<!-- Generated by org.testng.reporters.JUnitReportReporter -->
<testsuite hostname="MSI" name="hb.tests.Login" tests="1" failures="0" timestamp="19 Feb 2016 15:59:06 GMT" time="18.200" errors="0">
  <testcase name="testLoginAsAdmin" time="18.200" classname="hb.tests.Login"/>
</testsuite> <!-- hb.tests.Login -->
